[0m[32m2023-05-24 13:35:00,854 [1m[32mlibqtile utils.py:guess_terminal():L361 [0m Terminal found: alacritty[0m
[0m[32m2023-05-24 13:35:01,016 [1m[32mlibqtile utils.py:guess_terminal():L361 [0m Terminal found: alacritty[0m
[0m[32m2023-05-24 13:36:39,423 [1m[32mlibqtile utils.py:guess_terminal():L361 [0m Terminal found: alacritty[0m
[0m[32m2023-05-24 13:36:39,478 [1m[32mlibqtile start.py:start():L94 [0m Exiting...[0m
[0m[33m2023-05-24 13:36:39,479 [1m[33mlibqtile lifecycle.py:_atexit():L33 [0m Restarting Qtile with os.execv(...)[0m
[0m[32m2023-05-24 13:36:41,671 [1m[32mlibqtile utils.py:guess_terminal():L361 [0m Terminal found: alacritty[0m
[0m[32m2023-05-24 13:36:41,832 [1m[32mlibqtile utils.py:guess_terminal():L361 [0m Terminal found: alacritty[0m
[0m[32m2023-05-24 13:38:04,644 [1m[32mlibqtile utils.py:guess_terminal():L361 [0m Terminal found: alacritty[0m
[0m[32m2023-05-24 13:38:04,697 [1m[32mlibqtile start.py:start():L94 [0m Exiting...[0m
[0m[33m2023-05-24 13:38:04,698 [1m[33mlibqtile lifecycle.py:_atexit():L33 [0m Restarting Qtile with os.execv(...)[0m
[0m[32m2023-05-24 13:38:06,922 [1m[32mlibqtile utils.py:guess_terminal():L361 [0m Terminal found: alacritty[0m
[0m[32m2023-05-24 13:38:07,088 [1m[32mlibqtile utils.py:guess_terminal():L361 [0m Terminal found: alacritty[0m
[0m[32m2023-05-24 13:38:31,044 [1m[32mlibqtile utils.py:guess_terminal():L361 [0m Terminal found: alacritty[0m
[0m[32m2023-05-24 13:38:31,097 [1m[32mlibqtile start.py:start():L94 [0m Exiting...[0m
[0m[33m2023-05-24 13:38:31,098 [1m[33mlibqtile lifecycle.py:_atexit():L33 [0m Restarting Qtile with os.execv(...)[0m
[0m[32m2023-05-24 13:38:33,279 [1m[32mlibqtile utils.py:guess_terminal():L361 [0m Terminal found: alacritty[0m
[0m[32m2023-05-24 13:38:33,437 [1m[32mlibqtile utils.py:guess_terminal():L361 [0m Terminal found: alacritty[0m
[0m[31m2023-05-24 13:38:33,518 [1m[31mlibqtile core.py:_xpoll():L341 [0m Got an exception in poll loop
Traceback (most recent call last):
  File "/home/ervin/www/src/mine/qtile/libqtile/backend/x11/core.py", line 314, in _xpoll
    ret = target(event)
          ^^^^^^^^^^^^^
  File "/home/ervin/www/src/mine/qtile/libqtile/backend/x11/core.py", line 755, in handle_UnmapNotify
    if self.qtile.current_window is None:
       ^^^^^^^^^^^^^^^^^^^^^^^^^
  File "/home/ervin/www/src/mine/qtile/libqtile/command/base.py", line 281, in __getattr__
    raise AttributeError
AttributeError[0m
[0m[31m2023-05-24 13:38:33,530 [1m[31mlibqtile core.py:_xpoll():L341 [0m Got an exception in poll loop
Traceback (most recent call last):
  File "/home/ervin/www/src/mine/qtile/libqtile/backend/x11/core.py", line 314, in _xpoll
    ret = target(event)
          ^^^^^^^^^^^^^
  File "/home/ervin/www/src/mine/qtile/libqtile/backend/x11/core.py", line 729, in handle_DestroyNotify
    if self.qtile.current_window is None:
       ^^^^^^^^^^^^^^^^^^^^^^^^^
  File "/home/ervin/www/src/mine/qtile/libqtile/command/base.py", line 281, in __getattr__
    raise AttributeError
AttributeError[0m
[0m[32m2023-05-24 13:38:38,421 [1m[32mlibqtile utils.py:guess_terminal():L361 [0m Terminal found: alacritty[0m
[0m[32m2023-05-24 13:38:38,475 [1m[32mlibqtile start.py:start():L94 [0m Exiting...[0m
[0m[33m2023-05-24 13:38:38,476 [1m[33mlibqtile lifecycle.py:_atexit():L33 [0m Restarting Qtile with os.execv(...)[0m
[0m[32m2023-05-24 13:38:40,695 [1m[32mlibqtile utils.py:guess_terminal():L361 [0m Terminal found: alacritty[0m
[0m[32m2023-05-24 13:38:40,853 [1m[32mlibqtile utils.py:guess_terminal():L361 [0m Terminal found: alacritty[0m
[0m[32m2023-05-24 13:39:14,999 [1m[32mlibqtile manager.py:qtile_info():L1357 [0m [<StreamHandler <stdout> (NOTSET)>][0m
[0m[32m2023-05-24 13:40:04,504 [1m[32mlibqtile utils.py:guess_terminal():L361 [0m Terminal found: alacritty[0m
[0m[32m2023-05-24 13:40:04,558 [1m[32mlibqtile start.py:start():L94 [0m Exiting...[0m
[0m[33m2023-05-24 13:40:04,559 [1m[33mlibqtile lifecycle.py:_atexit():L33 [0m Restarting Qtile with os.execv(...)[0m
[0m[32m2023-05-24 13:40:06,773 [1m[32mlibqtile utils.py:guess_terminal():L361 [0m Terminal found: alacritty[0m
[0m[32m2023-05-24 13:40:06,933 [1m[32mlibqtile utils.py:guess_terminal():L361 [0m Terminal found: alacritty[0m
[0m[32m2023-05-24 13:40:25,483 [1m[32mlibqtile utils.py:guess_terminal():L361 [0m Terminal found: alacritty[0m
[0m[32m2023-05-24 13:40:25,536 [1m[32mlibqtile start.py:start():L94 [0m Exiting...[0m
[0m[33m2023-05-24 13:40:25,537 [1m[33mlibqtile lifecycle.py:_atexit():L33 [0m Restarting Qtile with os.execv(...)[0m
[0m[32m2023-05-24 13:40:27,755 [1m[32mlibqtile utils.py:guess_terminal():L361 [0m Terminal found: alacritty[0m
[0m[32m2023-05-24 13:40:27,915 [1m[32mlibqtile utils.py:guess_terminal():L361 [0m Terminal found: alacritty[0m
[0m[32m2023-05-24 13:40:34,626 [1m[32mlibqtile utils.py:guess_terminal():L361 [0m Terminal found: alacritty[0m
[0m[32m2023-05-24 13:40:34,680 [1m[32mlibqtile start.py:start():L94 [0m Exiting...[0m
[0m[33m2023-05-24 13:40:34,682 [1m[33mlibqtile lifecycle.py:_atexit():L33 [0m Restarting Qtile with os.execv(...)[0m
[0m[32m2023-05-24 13:40:36,938 [1m[32mlibqtile utils.py:guess_terminal():L361 [0m Terminal found: alacritty[0m
[0m[32m2023-05-24 13:40:37,106 [1m[32mlibqtile utils.py:guess_terminal():L361 [0m Terminal found: alacritty[0m
[0m[32m2023-05-24 13:41:06,518 [1m[32mlibqtile utils.py:guess_terminal():L361 [0m Terminal found: alacritty[0m
[0m[32m2023-05-24 13:41:06,574 [1m[32mlibqtile start.py:start():L94 [0m Exiting...[0m
[0m[33m2023-05-24 13:41:06,575 [1m[33mlibqtile lifecycle.py:_atexit():L33 [0m Restarting Qtile with os.execv(...)[0m
[0m[32m2023-05-24 13:41:08,813 [1m[32mlibqtile utils.py:guess_terminal():L361 [0m Terminal found: alacritty[0m
[0m[32m2023-05-24 13:41:08,972 [1m[32mlibqtile utils.py:guess_terminal():L361 [0m Terminal found: alacritty[0m
[0m[32m2023-05-24 13:42:04,334 [1m[32mlibqtile utils.py:guess_terminal():L361 [0m Terminal found: alacritty[0m
[0m[32m2023-05-24 13:42:04,388 [1m[32mlibqtile start.py:start():L94 [0m Exiting...[0m
[0m[33m2023-05-24 13:42:04,389 [1m[33mlibqtile lifecycle.py:_atexit():L33 [0m Restarting Qtile with os.execv(...)[0m
[0m[32m2023-05-24 13:42:06,583 [1m[32mlibqtile utils.py:guess_terminal():L361 [0m Terminal found: alacritty[0m
[0m[32m2023-05-24 13:42:06,746 [1m[32mlibqtile utils.py:guess_terminal():L361 [0m Terminal found: alacritty[0m
[0m[31m2023-05-24 13:42:06,879 [1m[31mlibqtile group.py:layout():L128 [0m No such layout: bsp[0m
[0m[31m2023-05-24 13:42:06,880 [1m[31mlibqtile group.py:layout():L128 [0m No such layout: bsp[0m
[0m[31m2023-05-24 13:42:06,881 [1m[31mlibqtile group.py:layout():L128 [0m No such layout: bsp[0m
[0m[31m2023-05-24 13:42:06,881 [1m[31mlibqtile group.py:layout():L128 [0m No such layout: bsp[0m
[0m[31m2023-05-24 13:42:06,882 [1m[31mlibqtile group.py:layout():L128 [0m No such layout: bsp[0m
[0m[31m2023-05-24 13:42:06,883 [1m[31mlibqtile group.py:layout():L128 [0m No such layout: bsp[0m
[0m[31m2023-05-24 13:42:06,884 [1m[31mlibqtile group.py:layout():L128 [0m No such layout: bsp[0m
[0m[31m2023-05-24 13:42:06,885 [1m[31mlibqtile group.py:layout():L128 [0m No such layout: bsp[0m
[0m[31m2023-05-24 13:42:06,886 [1m[31mlibqtile group.py:layout():L128 [0m No such layout: bsp[0m
[0m[32m2023-05-24 13:42:13,209 [1m[32mlibqtile utils.py:guess_terminal():L361 [0m Terminal found: alacritty[0m
[0m[32m2023-05-24 13:42:13,265 [1m[32mlibqtile start.py:start():L94 [0m Exiting...[0m
[0m[33m2023-05-24 13:42:13,266 [1m[33mlibqtile lifecycle.py:_atexit():L33 [0m Restarting Qtile with os.execv(...)[0m
[0m[32m2023-05-24 13:42:15,478 [1m[32mlibqtile utils.py:guess_terminal():L361 [0m Terminal found: alacritty[0m
[0m[32m2023-05-24 13:42:15,644 [1m[32mlibqtile utils.py:guess_terminal():L361 [0m Terminal found: alacritty[0m
[0m[31m2023-05-24 13:42:31,670 [1m[31mlibqtile manager.py:process_key_event():L434 [0m KB command error grow_up: No such command[0m
[0m[31m2023-05-24 13:42:31,860 [1m[31mlibqtile manager.py:process_key_event():L434 [0m KB command error grow_up: No such command[0m
[0m[31m2023-05-24 13:42:32,139 [1m[31mlibqtile manager.py:process_key_event():L434 [0m KB command error grow_left: No such command[0m
[0m[31m2023-05-24 13:42:32,417 [1m[31mlibqtile manager.py:process_key_event():L434 [0m KB command error grow_left: No such command[0m
[0m[31m2023-05-24 13:42:32,588 [1m[31mlibqtile manager.py:process_key_event():L434 [0m KB command error grow_up: No such command[0m
[0m[31m2023-05-24 13:42:32,796 [1m[31mlibqtile manager.py:process_key_event():L434 [0m KB command error grow_up: No such command[0m
[0m[31m2023-05-24 13:42:32,981 [1m[31mlibqtile manager.py:process_key_event():L434 [0m KB command error grow_up: No such command[0m
[0m[32m2023-05-24 13:42:37,124 [1m[32mlibqtile utils.py:guess_terminal():L361 [0m Terminal found: alacritty[0m
[0m[32m2023-05-24 13:42:37,179 [1m[32mlibqtile start.py:start():L94 [0m Exiting...[0m
[0m[33m2023-05-24 13:42:37,180 [1m[33mlibqtile lifecycle.py:_atexit():L33 [0m Restarting Qtile with os.execv(...)[0m
[0m[32m2023-05-24 13:42:39,401 [1m[32mlibqtile utils.py:guess_terminal():L361 [0m Terminal found: alacritty[0m
[0m[32m2023-05-24 13:42:39,567 [1m[32mlibqtile utils.py:guess_terminal():L361 [0m Terminal found: alacritty[0m
[0m[32m2023-05-24 13:43:06,454 [1m[32mlibqtile utils.py:guess_terminal():L361 [0m Terminal found: alacritty[0m
[0m[32m2023-05-24 13:43:06,511 [1m[32mlibqtile start.py:start():L94 [0m Exiting...[0m
[0m[33m2023-05-24 13:43:06,512 [1m[33mlibqtile lifecycle.py:_atexit():L33 [0m Restarting Qtile with os.execv(...)[0m
[0m[32m2023-05-24 13:43:08,703 [1m[32mlibqtile utils.py:guess_terminal():L361 [0m Terminal found: alacritty[0m
[0m[32m2023-05-24 13:43:08,869 [1m[32mlibqtile utils.py:guess_terminal():L361 [0m Terminal found: alacritty[0m
[0m[32m2023-05-24 13:43:21,559 [1m[32mlibqtile utils.py:guess_terminal():L361 [0m Terminal found: alacritty[0m
[0m[32m2023-05-24 13:43:21,618 [1m[32mlibqtile start.py:start():L94 [0m Exiting...[0m
[0m[33m2023-05-24 13:43:21,619 [1m[33mlibqtile lifecycle.py:_atexit():L33 [0m Restarting Qtile with os.execv(...)[0m
[0m[32m2023-05-24 13:43:23,857 [1m[32mlibqtile utils.py:guess_terminal():L361 [0m Terminal found: alacritty[0m
[0m[32m2023-05-24 13:43:24,025 [1m[32mlibqtile utils.py:guess_terminal():L361 [0m Terminal found: alacritty[0m
[0m[32m2023-05-24 13:43:59,973 [1m[32mlibqtile manager.py:qtile_info():L1357 [0m [<StreamHandler <stdout> (NOTSET)>][0m
[0m[32m2023-05-24 13:44:35,404 [1m[32mlibqtile manager.py:qtile_info():L1357 [0m [<StreamHandler <stdout> (NOTSET)>][0m
[0m[32m2023-05-24 13:44:44,297 [1m[32mlibqtile utils.py:guess_terminal():L361 [0m Terminal found: alacritty[0m
[0m[32m2023-05-24 13:44:44,351 [1m[32mlibqtile start.py:start():L94 [0m Exiting...[0m
[0m[33m2023-05-24 13:44:44,352 [1m[33mlibqtile lifecycle.py:_atexit():L33 [0m Restarting Qtile with os.execv(...)[0m
[0m[32m2023-05-24 13:44:46,563 [1m[32mlibqtile utils.py:guess_terminal():L361 [0m Terminal found: alacritty[0m
[0m[32m2023-05-24 13:44:46,884 [1m[32mlibqtile utils.py:guess_terminal():L361 [0m Terminal found: alacritty[0m
[0m[32m2023-05-24 13:44:52,144 [1m[32mlibqtile manager.py:qtile_info():L1357 [0m [<StreamHandler <stdout> (NOTSET)>][0m
[0m[31m2023-05-24 13:44:52,146 [1m[31mlibqtile loop.py:_handle_exception():L62 [0m Exception in event loop:
Traceback (most recent call last):
  File "/home/ervin/www/src/mine/qtile/libqtile/ipc.py", line 237, in _server_callback
    result = _IPC.pack(rep, is_json=is_json)
             ^^^^^^^^^^^^^^^^^^^^^^^^^^^^^^^
  File "/home/ervin/www/src/mine/qtile/libqtile/ipc.py", line 135, in pack
    msg_bytes = marshal.dumps(msg)
                ^^^^^^^^^^^^^^^^^^
ValueError: unmarshallable object[0m
[0m[32m2023-05-24 13:53:01,904 [1m[32mlibqtile utils.py:guess_terminal():L361 [0m Terminal found: alacritty[0m
[0m[32m2023-05-24 13:53:01,957 [1m[32mlibqtile start.py:start():L94 [0m Exiting...[0m
[0m[33m2023-05-24 13:53:01,958 [1m[33mlibqtile lifecycle.py:_atexit():L33 [0m Restarting Qtile with os.execv(...)[0m
[0m[32m2023-05-24 13:53:04,137 [1m[32mlibqtile utils.py:guess_terminal():L361 [0m Terminal found: alacritty[0m
[0m[32m2023-05-24 13:53:04,466 [1m[32mlibqtile utils.py:guess_terminal():L361 [0m Terminal found: alacritty[0m
[0m[32m2023-05-24 13:53:05,519 [1m[32mlibqtile utils.py:guess_terminal():L361 [0m Terminal found: alacritty[0m
[0m[32m2023-05-24 13:53:05,573 [1m[32mlibqtile start.py:start():L94 [0m Exiting...[0m
[0m[33m2023-05-24 13:53:05,574 [1m[33mlibqtile lifecycle.py:_atexit():L33 [0m Restarting Qtile with os.execv(...)[0m
[0m[32m2023-05-24 13:53:07,749 [1m[32mlibqtile utils.py:guess_terminal():L361 [0m Terminal found: alacritty[0m
[0m[32m2023-05-24 13:53:07,908 [1m[32mlibqtile utils.py:guess_terminal():L361 [0m Terminal found: alacritty[0m
[0m[32m2023-05-24 13:53:20,170 [1m[32mlibqtile manager.py:qtile_info():L1357 [0m [<StreamHandler <stdout> (NOTSET)>][0m
[0m[32m2023-05-24 13:54:01,336 [1m[32mlibqtile utils.py:guess_terminal():L361 [0m Terminal found: alacritty[0m
[0m[32m2023-05-24 13:54:01,389 [1m[32mlibqtile start.py:start():L94 [0m Exiting...[0m
[0m[33m2023-05-24 13:54:01,391 [1m[33mlibqtile lifecycle.py:_atexit():L33 [0m Restarting Qtile with os.execv(...)[0m
[0m[32m2023-05-24 13:54:03,581 [1m[32mlibqtile utils.py:guess_terminal():L361 [0m Terminal found: alacritty[0m
[0m[32m2023-05-24 13:54:03,906 [1m[32mlibqtile utils.py:guess_terminal():L361 [0m Terminal found: alacritty[0m
[0m[32m2023-05-24 13:55:44,102 [1m[32mlibqtile manager.py:qtile_info():L1357 [0m None[0m
[0m[32m2023-05-24 13:56:05,952 [1m[32mlibqtile utils.py:guess_terminal():L361 [0m Terminal found: alacritty[0m
[0m[32m2023-05-24 13:56:06,006 [1m[32mlibqtile start.py:start():L94 [0m Exiting...[0m
[0m[33m2023-05-24 13:56:06,008 [1m[33mlibqtile lifecycle.py:_atexit():L33 [0m Restarting Qtile with os.execv(...)[0m
[0m[32m2023-05-24 13:56:08,208 [1m[32mlibqtile utils.py:guess_terminal():L361 [0m Terminal found: alacritty[0m
[0m[32m2023-05-24 13:56:08,372 [1m[32mlibqtile utils.py:guess_terminal():L361 [0m Terminal found: alacritty[0m
[0m[32m2023-05-24 13:56:10,922 [1m[32mlibqtile manager.py:qtile_info():L1357 [0m None[0m
[0m[32m2023-05-24 13:57:24,653 [1m[32mlibqtile utils.py:guess_terminal():L361 [0m Terminal found: alacritty[0m
[0m[32m2023-05-24 13:57:24,709 [1m[32mlibqtile start.py:start():L94 [0m Exiting...[0m
[0m[33m2023-05-24 13:57:24,710 [1m[33mlibqtile lifecycle.py:_atexit():L33 [0m Restarting Qtile with os.execv(...)[0m
[0m[32m2023-05-24 13:57:26,877 [1m[32mlibqtile utils.py:guess_terminal():L361 [0m Terminal found: alacritty[0m
[0m[32m2023-05-24 13:57:27,197 [1m[32mlibqtile utils.py:guess_terminal():L361 [0m Terminal found: alacritty[0m
[0m[32m2023-05-24 13:57:29,556 [1m[32mlibqtile manager.py:qtile_info():L1357 [0m <StreamHandler <stdout> (NOTSET)>[0m
[0m[32m2023-05-24 14:27:16,231 [1m[32mlibqtile start.py:start():L94 [0m Exiting...[0m
[0m[33m2023-05-24 14:27:16,233 [1m[33mlibqtile lifecycle.py:_atexit():L37 [0m Qtile will now terminate[0m
2023-05-24 14:30:00,899 WARNING libqtile lifecycle.py:_atexit():L33 Restarting Qtile with os.execv(...)
2023-05-24 14:30:11,116 WARNING libqtile lifecycle.py:_atexit():L33 Restarting Qtile with os.execv(...)
2023-05-24 14:30:47,864 WARNING libqtile lifecycle.py:_atexit():L33 Restarting Qtile with os.execv(...)
2023-05-24 14:34:58,548 WARNING libqtile lifecycle.py:_atexit():L33 Restarting Qtile with os.execv(...)
2023-05-24 14:35:08,226 ERROR libqtile manager.py:spawn():L1230 couldn't find `firedox`
2023-05-24 14:35:11,265 WARNING libqtile lifecycle.py:_atexit():L33 Restarting Qtile with os.execv(...)
2023-05-24 14:38:27,126 WARNING libqtile lifecycle.py:_atexit():L33 Restarting Qtile with os.execv(...)
2023-05-24 14:39:22,581 WARNING libqtile lifecycle.py:_atexit():L33 Restarting Qtile with os.execv(...)
2023-05-24 14:48:16,616 WARNING libqtile lifecycle.py:_atexit():L33 Restarting Qtile with os.execv(...)
2023-05-24 14:49:30,993 WARNING libqtile lifecycle.py:_atexit():L37 Qtile will now terminate
